<?xml version="1.0" encoding="UTF-8"?>
<!-- Generated by org.testng.reporters.JUnitReportReporter -->
<testsuite skipped="0" hostname="PC-20161102VFY4" name="com.lottery.web.testcase.login.LoginPage_001_UI_Test" tests="1" failures="0" timestamp="09 五月 2018 07:48:02 GMT" time="0.277" errors="0">
  <testcase name="uiTest" time="0.277" classname="com.lottery.web.testcase.login.LoginPage_001_UI_Test"/>
</testsuite> <!-- com.lottery.web.testcase.login.LoginPage_001_UI_Test -->
