<?xml version="1.0" encoding="UTF-8"?>
<!-- Generated by org.testng.reporters.JUnitReportReporter -->
<testsuite skipped="0" hostname="PC-20161102VFY4" name="com.whcd.lotterywebui.testcase.login.LoginPage_001_UI_Test" tests="1" failures="0" timestamp="09 五月 2018 08:32:37 GMT" time="0.292" errors="0">
  <testcase name="uiTest" time="0.292" classname="com.whcd.lotterywebui.testcase.login.LoginPage_001_UI_Test"/>
</testsuite> <!-- com.whcd.lotterywebui.testcase.login.LoginPage_001_UI_Test -->
